IntegrityError
sqlalchemy.exc.IntegrityError: (sqlite3.IntegrityError) UNIQUE constraint failed: articles.slug
[SQL: INSERT INTO articles (title_ar, title_en, slug, content_ar, content_en, summary_ar, summary_en, image_url, topic, keywords, suggested_services, is_published, created_by, created_at, updated_at, published_at, views_count) VALUES (?, ?, ?, ?, ?, ?, ?, ?, ?, ?, ?, ?, ?, ?, ?, ?, ?)]
[parameters: ('Ø¯ÙˆØ± Ø§Ù„Ø¹Ø·Ø± ÙÙŠ Ø§Ù„Ø§Ù†ØªÙ‚Ø§Ù„ Ø¥Ù„Ù‰ Ø¹Ø§Ù„Ù…Ùƒ Ø§Ù„Ø¢Ø®Ø±', None, 'Ø¯ÙˆØ±-Ø§Ù„Ø¹Ø·Ø±-ÙÙŠ-Ø§Ù„Ø§Ù†ØªÙ‚Ø§Ù„-Ø§Ù„Ù‰-Ø¹Ø§Ù„Ù…Ùƒ-Ø§Ù„Ø¢Ø®Ø±', '<nav class="toc-box">\n    <h4>ğŸ“‘ ÙÙ‡Ø±Ø³ Ø§Ù„Ù…Ø­ØªÙˆÙŠØ§Øª</h4>\n    <ol>\n        <li><a href="#section-1">ØªØ£Ø«ÙŠØ± Ø§Ù„Ø¹Ø·ÙˆØ± Ø¹Ù„Ù‰ Ø§Ù„Ù†ÙØ³</a></li>\n        <li><a href ... (2289 characters truncated) ...  ÙÙ‡Ùˆ Ù„Ø§ ÙŠÙ‚ØªØµØ± ÙÙ‚Ø· Ø¹Ù„Ù‰ Ø§Ù„Ø±Ø§Ø¦Ø­Ø©ØŒ Ø¨Ù„ ÙŠØ¹Ø¨Ø± Ø¹Ù† Ø´Ø®ØµÙŠØªÙ†Ø§ ÙˆÙŠØ¤Ø«Ø± ÙÙŠ Ø­ÙŠØ§ØªÙ†Ø§ Ø¨Ø´ÙƒÙ„Ù Ø¹Ù…ÙŠÙ‚. Ø§Ø³ØªØ«Ù…Ø± ÙÙŠ Ø§Ø®ØªÙŠØ§Ø± Ø¹Ø·Ø± ÙŠØªÙ†Ø§Ø³Ø¨ Ù…Ø¹ÙƒØŒ ÙˆØ¯Ø¹ Ø±Ø§Ø¦Ø­ØªÙ‡ ØªØ£Ø®Ø°Ùƒ Ø¥Ù„Ù‰ Ø¹ÙˆØ§Ù„Ù… Ø¬Ø¯ÙŠØ¯Ø©. </p>', None, 'ÙŠÙ…Ø«Ù„ Ø§Ù„Ø¹Ø·Ø± Ø£ÙƒØ«Ø± Ù…Ù† Ù…Ø¬Ø±Ø¯ Ø±Ø§Ø¦Ø­Ø©ØŒ ÙÙ‡Ùˆ Ø£Ø¯Ø§Ø© Ù‚ÙˆÙŠØ© ØªØ¹Ø²Ø² Ù…Ù† Ø§Ù„Ø­Ø§Ù„Ø© Ø§Ù„Ù†ÙØ³ÙŠØ© ÙˆØªØ¹ÙŠØ¯ ØªØ´ÙƒÙŠÙ„ Ø§Ù„ØªØ¬Ø§Ø±Ø¨ Ø§Ù„Ø­ÙŠØ§ØªÙŠØ©. ØªÙØ¸Ù‡Ø± Ø§Ù„Ø¯Ø±Ø§Ø³Ø§Øª Ø£Ù† Ø§Ù„Ø±ÙˆØ§Ø¦Ø­ ØªØ¤Ø«Ø± Ø¨Ø´ÙƒÙ„ ÙƒØ¨ÙŠØ± Ø¹Ù„Ù‰ Ù…Ø´Ø§Ø¹Ø±Ù† ... (91 characters truncated) ... Ù„Ù…Ø²Ø§Ø¬ØŒ ÙˆØªØ¹Ø²ÙŠØ² Ø§Ù„Ø«Ù‚Ø© Ø¨Ø§Ù„Ù†ÙØ³. ÙÙŠ Ù‡Ø°Ø§ Ø§Ù„Ù…Ù‚Ø§Ù„ØŒ Ø³Ù†Ø³ØªØ¹Ø±Ø¶ ÙƒÙŠÙ ÙŠÙ…ÙƒÙ† Ù„Ù„Ø¹Ø·Ø± Ø£Ù† ÙŠÙƒÙˆÙ† Ø¬Ø³Ø±Ù‹Ø§ Ø¨ÙŠÙ† Ø§Ù„ÙˆØ§Ù‚Ø¹ ÙˆØ§Ù„Ø®ÙŠØ§Ù„ØŒ ÙˆÙŠÙØ¯Ø®Ù„Ù†Ø§ ÙÙŠ Ø£Ø¬ÙˆØ§Ø¡ Ø¬Ø¯ÙŠØ¯Ø© ØªØ¹Ø²Ø² Ù…Ù† ØªØ¬Ø±Ø¨ØªÙ†Ø§ Ø§Ù„Ø­ÙŠØ§ØªÙŠØ©.', None, None, 'Ø¯ÙˆØ± Ø§Ù„Ø¹Ø·Ø± ÙÙŠ Ø§Ù„Ø§Ù†ØªÙ‚Ø§Ù„ Ø§Ù„Ù‰ Ø¹Ø§Ù„Ù…Ùƒ Ø§Ù„Ø¢Ø®Ø±', 'ÙÙˆØ§Ø¦Ø¯, Ø§Ù„Ø¹Ø·ÙˆØ±, Ø§Ù„Ù†ÙØ³ÙŠØ©', '["scent_personality", "custom_perfume", "recommendations", "neuroscience", "habit_planner", "signature"]', 1, 1, '2026-01-08 15:51:35.287328', '2026-01-08 15:51:35.287332', '2026-01-08 15:51:35.286500', 0)]
(Background on this error at: https://sqlalche.me/e/20/gkpj)

Traceback (most recent call last)
File "/home/runner/workspace/.pythonlibs/lib/python3.11/site-packages/sqlalchemy/engine/base.py", line 1967, in _exec_single_context
self.dialect.do_execute(
^
File "/home/runner/workspace/.pythonlibs/lib/python3.11/site-packages/sqlalchemy/engine/default.py", line 951, in do_execute
cursor.execute(statement, parameters)
^^^^^^^^^^^^^^^^^^^^^^^^^^^^^^^^^^^^^
The above exception was the direct cause of the following exception:
File "/home/runner/workspace/.pythonlibs/lib/python3.11/site-packages/flask/app.py", line 1536, in __call__
return self.wsgi_app(environ, start_response)
       ^^^^^^^^^^^^^^^^^^^^^^^^^^^^^^^^^^^^^^
File "/home/runner/workspace/.pythonlibs/lib/python3.11/site-packages/flask/app.py", line 1514, in wsgi_app
response = self.handle_exception(e)
           ^^^^^^^^^^^^^^^^^^^^^^^^
File "/home/runner/workspace/.pythonlibs/lib/python3.11/site-packages/flask/app.py", line 1511, in wsgi_app
response = self.full_dispatch_request()
           ^^^^^^^^^^^^^^^^^^^^^^^^^^^^
File "/home/runner/workspace/.pythonlibs/lib/python3.11/site-packages/flask/app.py", line 919, in full_dispatch_request
rv = self.handle_user_exception(e)
     ^^^^^^^^^^^^^^^^^^^^^^^^^^^^^
File "/home/runner/workspace/.pythonlibs/lib/python3.11/site-packages/flask/app.py", line 917, in full_dispatch_request
rv = self.dispatch_request()
     ^^^^^^^^^^^^^^^^^^^^^^^
File "/home/runner/workspace/.pythonlibs/lib/python3.11/site-packages/flask/app.py", line 902, in dispatch_request
return self.ensure_sync(self.view_functions[rule.endpoint])(**view_args)  # type: ignore[no-any-return]
       ^^^^^^^^^^^^^^^^^^^^^^^^^^^^^^^^^^^^^^^^^^^^^^^^^^^^^^^^^^^^^^^^^
File "/home/runner/workspace/app/routes/admin.py", line 23, in decorated_function
return f(*args, **kwargs)
       ^^^^^^^^^^^^^^^^^^
File "/home/runner/workspace/app/routes/admin.py", line 248, in create_article
db.session.commit()
^^^^^^^^^^^^^^^^^^^
File "/home/runner/workspace/.pythonlibs/lib/python3.11/site-packages/sqlalchemy/orm/scoping.py", line 597, in commit
return self._proxied.commit()
       ^^^^^^^^^^^^^^^^^^^^^^
File "/home/runner/workspace/.pythonlibs/lib/python3.11/site-packages/sqlalchemy/orm/session.py", line 2030, in commit
trans.commit(_to_root=True)
^^^^^^^^^^^^^^^^^^^^^^^^^^^
File "<string>", line 2, in commit
File "/home/runner/workspace/.pythonlibs/lib/python3.11/site-packages/sqlalchemy/orm/state_changes.py", line 137, in _go
ret_value = fn(self, *arg, **kw)
            ^^^^^^^^^^^^^^^^^^^^
File "/home/runner/workspace/.pythonlibs/lib/python3.11/site-packages/sqlalchemy/orm/session.py", line 1311, in commit
self._prepare_impl()
^^^^^^^^^^^^^^^^^^^^
File "<string>", line 2, in _prepare_impl
File "/home/runner/workspace/.pythonlibs/lib/python3.11/site-packages/sqlalchemy/orm/state_changes.py", line 137, in _go
ret_value = fn(self, *arg, **kw)
            ^^^^^^^^^^^^^^^^^^^^
File "/home/runner/workspace/.pythonlibs/lib/python3.11/site-packages/sqlalchemy/orm/session.py", line 1286, in _prepare_impl
self.session.flush()
^^^^^^^^^^^^^^^^^^^^
File "/home/runner/workspace/.pythonlibs/lib/python3.11/site-packages/sqlalchemy/orm/session.py", line 4331, in flush
self._flush(objects)
^^^^^^^^^^^^^^^^^^^^
File "/home/runner/workspace/.pythonlibs/lib/python3.11/site-packages/sqlalchemy/orm/session.py", line 4466, in _flush
with util.safe_reraise():
^^^^^^^^^^^^^^^^^^^^^^^^^^^^^^^^^^^^^^^^^^^^^^^^^
File "/home/runner/workspace/.pythonlibs/lib/python3.11/site-packages/sqlalchemy/util/langhelpers.py", line 224, in __exit__
raise exc_value.with_traceback(exc_tb)
^^^^^^^^^^^^^^^^^^^^^^^^^^^^^^^^^^^^^^
File "/home/runner/workspace/.pythonlibs/lib/python3.11/site-packages/sqlalchemy/orm/session.py", line 4427, in _flush
flush_context.execute()
^^^^^^^^^^^^^^^^^^^^^^^
File "/home/runner/workspace/.pythonlibs/lib/python3.11/site-packages/sqlalchemy/orm/unitofwork.py", line 466, in execute
rec.execute(self)
^^^^^^^^^^^^^^^^^
File "/home/runner/workspace/.pythonlibs/lib/python3.11/site-packages/sqlalchemy/orm/unitofwork.py", line 642, in execute
util.preloaded.orm_persistence.save_obj(
^
File "/home/runner/workspace/.pythonlibs/lib/python3.11/site-packages/sqlalchemy/orm/persistence.py", line 93, in save_obj
_emit_insert_statements(
^
File "/home/runner/workspace/.pythonlibs/lib/python3.11/site-packages/sqlalchemy/orm/persistence.py", line 1233, in _emit_insert_statements
result = connection.execute(
         
File "/home/runner/workspace/.pythonlibs/lib/python3.11/site-packages/sqlalchemy/engine/base.py", line 1419, in execute
return meth(
       
File "/home/runner/workspace/.pythonlibs/lib/python3.11/site-packages/sqlalchemy/sql/elements.py", line 526, in _execute_on_connection
return connection._execute_clauseelement(
       
File "/home/runner/workspace/.pythonlibs/lib/python3.11/site-packages/sqlalchemy/engine/base.py", line 1641, in _execute_clauseelement
ret = self._execute_context(
      
File "/home/runner/workspace/.pythonlibs/lib/python3.11/site-packages/sqlalchemy/engine/base.py", line 1846, in _execute_context
return self._exec_single_context(
       
File "/home/runner/workspace/.pythonlibs/lib/python3.11/site-packages/sqlalchemy/engine/base.py", line 1986, in _exec_single_context
self._handle_dbapi_exception(
^
File "/home/runner/workspace/.pythonlibs/lib/python3.11/site-packages/sqlalchemy/engine/base.py", line 2355, in _handle_dbapi_exception
raise sqlalchemy_exception.with_traceback(exc_info[2]) from e
^^^^^^^^^^^^^^^^^^^^^^^^^^^^^^^^^^^^^^^^^^^^^^^^^^^^^^^^^^^^^
File "/home/runner/workspace/.pythonlibs/lib/python3.11/site-packages/sqlalchemy/engine/base.py", line 1967, in _exec_single_context
self.dialect.do_execute(
^
File "/home/runner/workspace/.pythonlibs/lib/python3.11/site-packages/sqlalchemy/engine/default.py", line 951, in do_execute
cursor.execute(statement, parameters)
^^^^^^^^^^^^^^^^^^^^^^^^^^^^^^^^^^^^^
sqlalchemy.exc.IntegrityError: (sqlite3.IntegrityError) UNIQUE constraint failed: articles.slug
[SQL: INSERT INTO articles (title_ar, title_en, slug, content_ar, content_en, summary_ar, summary_en, image_url, topic, keywords, suggested_services, is_published, created_by, created_at, updated_at, published_at, views_count) VALUES (?, ?, ?, ?, ?, ?, ?, ?, ?, ?, ?, ?, ?, ?, ?, ?, ?)]
[parameters: ('Ø¯ÙˆØ± Ø§Ù„Ø¹Ø·Ø± ÙÙŠ Ø§Ù„Ø§Ù†ØªÙ‚Ø§Ù„ Ø¥Ù„Ù‰ Ø¹Ø§Ù„Ù…Ùƒ Ø§Ù„Ø¢Ø®Ø±', None, 'Ø¯ÙˆØ±-Ø§Ù„Ø¹Ø·Ø±-ÙÙŠ-Ø§Ù„Ø§Ù†ØªÙ‚Ø§Ù„-Ø§Ù„Ù‰-Ø¹Ø§Ù„Ù…Ùƒ-Ø§Ù„Ø¢Ø®Ø±', '<nav class="toc-box">\n <h4>ğŸ“‘ ÙÙ‡Ø±Ø³ Ø§Ù„Ù…Ø­ØªÙˆÙŠØ§Øª</h4>\n <ol>\n <li><a href="#section-1">ØªØ£Ø«ÙŠØ± Ø§Ù„Ø¹Ø·ÙˆØ± Ø¹Ù„Ù‰ Ø§Ù„Ù†ÙØ³</a></li>\n <li><a href ... (2289 characters truncated) ... ÙÙ‡Ùˆ Ù„Ø§ ÙŠÙ‚ØªØµØ± ÙÙ‚Ø· Ø¹Ù„Ù‰ Ø§Ù„Ø±Ø§Ø¦Ø­Ø©ØŒ Ø¨Ù„ ÙŠØ¹Ø¨Ø± Ø¹Ù† Ø´Ø®ØµÙŠØªÙ†Ø§ ÙˆÙŠØ¤Ø«Ø± ÙÙŠ Ø­ÙŠØ§ØªÙ†Ø§ Ø¨Ø´ÙƒÙ„Ù Ø¹Ù…ÙŠÙ‚. Ø§Ø³ØªØ«Ù…Ø± ÙÙŠ Ø§Ø®ØªÙŠØ§Ø± Ø¹Ø·Ø± ÙŠØªÙ†Ø§Ø³Ø¨ Ù…Ø¹ÙƒØŒ ÙˆØ¯Ø¹ Ø±Ø§Ø¦Ø­ØªÙ‡ ØªØ£Ø®Ø°Ùƒ Ø¥Ù„Ù‰ Ø¹ÙˆØ§Ù„Ù… Ø¬Ø¯ÙŠØ¯Ø©. </p>', None, 'ÙŠÙ…Ø«Ù„ Ø§Ù„Ø¹Ø·Ø± Ø£ÙƒØ«Ø± Ù…Ù† Ù…Ø¬Ø±Ø¯ Ø±Ø§Ø¦Ø­Ø©ØŒ ÙÙ‡Ùˆ Ø£Ø¯Ø§Ø© Ù‚ÙˆÙŠØ© ØªØ¹Ø²Ø² Ù…Ù† Ø§Ù„Ø­Ø§Ù„Ø© Ø§Ù„Ù†ÙØ³ÙŠØ© ÙˆØªØ¹ÙŠØ¯ ØªØ´ÙƒÙŠÙ„ Ø§Ù„ØªØ¬Ø§Ø±Ø¨ Ø§Ù„Ø­ÙŠØ§ØªÙŠØ©. ØªÙØ¸Ù‡Ø± Ø§Ù„Ø¯Ø±Ø§Ø³Ø§Øª Ø£Ù† Ø§Ù„Ø±ÙˆØ§Ø¦Ø­ ØªØ¤Ø«Ø± Ø¨Ø´ÙƒÙ„ ÙƒØ¨ÙŠØ± Ø¹Ù„Ù‰ Ù…Ø´Ø§Ø¹Ø±Ù† ... (91 characters truncated) ... Ù„Ù…Ø²Ø§Ø¬ØŒ ÙˆØªØ¹Ø²ÙŠØ² Ø§Ù„Ø«Ù‚Ø© Ø¨Ø§Ù„Ù†ÙØ³. ÙÙŠ Ù‡Ø°Ø§ Ø§Ù„Ù…Ù‚Ø§Ù„ØŒ Ø³Ù†Ø³ØªØ¹Ø±Ø¶ ÙƒÙŠÙ ÙŠÙ…ÙƒÙ† Ù„Ù„Ø¹Ø·Ø± Ø£Ù† ÙŠÙƒÙˆÙ† Ø¬Ø³Ø±Ù‹Ø§ Ø¨ÙŠÙ† Ø§Ù„ÙˆØ§Ù‚Ø¹ ÙˆØ§Ù„Ø®ÙŠØ§Ù„ØŒ ÙˆÙŠÙØ¯Ø®Ù„Ù†Ø§ ÙÙŠ Ø£Ø¬ÙˆØ§Ø¡ Ø¬Ø¯ÙŠØ¯Ø© ØªØ¹Ø²Ø² Ù…Ù† ØªØ¬Ø±Ø¨ØªÙ†Ø§ Ø§Ù„Ø­ÙŠØ§ØªÙŠØ©.', None, None, 'Ø¯ÙˆØ± Ø§Ù„Ø¹Ø·Ø± ÙÙŠ Ø§Ù„Ø§Ù†ØªÙ‚Ø§Ù„ Ø§Ù„Ù‰ Ø¹Ø§Ù„Ù…Ùƒ Ø§Ù„Ø¢Ø®Ø±', 'ÙÙˆØ§Ø¦Ø¯, Ø§Ù„Ø¹Ø·ÙˆØ±, Ø§Ù„Ù†ÙØ³ÙŠØ©', '["scent_personality", "custom_perfume", "recommendations", "neuroscience", "habit_planner", "signature"]', 1, 1, '2026-01-08 15:51:35.287328', '2026-01-08 15:51:35.287332', '2026-01-08 15:51:35.286500', 0)]
(Background on this error at: https://sqlalche.me/e/20/gkpj)
The debugger caught an exception in your WSGI application. You can now look at the traceback which led to the error.
To switch between the interactive traceback and the plaintext one, you can click on the "Traceback" headline. From the text traceback you can also create a paste of it.

Brought to you by DON'T PANIC, your friendly Werkzeug powered traceback interpreter.